{"name": "Тесты для раздела \"Вопросы о важном\"", "status": "broken", "statusDetails": {"message": "selenium.common.exceptions.ElementClickInterceptedException: Message: Element <div id=\"accordion__heading-0\" class=\"accordion__button\"> is not clickable at point (966,202) because another element <img src=\"/assets/scooter.png\"> obscures it\nStacktrace:\nRemoteError@chrome://remote/content/shared/RemoteError.sys.mjs:8:8\nWebDriverError@chrome://remote/content/shared/webdriver/Errors.sys.mjs:193:5\nElementClickInterceptedError@chrome://remote/content/shared/webdriver/Errors.sys.mjs:337:5\nwebdriverClickElement@chrome://remote/content/marionette/interaction.sys.mjs:176:11\ninteraction.clickElement@chrome://remote/content/marionette/interaction.sys.mjs:135:11\nclickElement@chrome://remote/content/marionette/actors/MarionetteCommandsChild.sys.mjs:204:29\nreceiveMessage@chrome://remote/content/marionette/actors/MarionetteCommandsChild.sys.mjs:84:31", "trace": "self = <tests.test_questions.TestQuestionsSection object at 0x1022bbf80>, driver = <selenium.webdriver.firefox.webdriver.WebDriver (session=\"7820bb42-8377-4aad-a683-cb219633536b\")>\nq = ('xpath', './/div[text()=\"Сколько это стоит? И как оплатить?\"]'), a = ('xpath', './/p[text()=\"Сутки — 400 рублей. Оплата курьеру — наличными или картой.\"]')\nanswers = 'Сутки — 400 рублей. Оплата курьеру — наличными или картой.'\n\n    @allure.title('Тесты для раздела \"Вопросы о важном\"')\n    @allure.step('Проверка, что когда нажимаешь на стрелочку, открывается ожидаемый текст ответа')\n    @pytest.mark.parametrize('q, a, answers',\n                             [\n                                 [\n                                     QuestionsPageLocators.question_price,\n                                     QuestionsPageLocators.answer_price,\n                                     answers[0],\n                                 ],\n                                 [\n                                     QuestionsPageLocators.question_need_several,\n                                     QuestionsPageLocators.answer_need_several,\n                                     answers[1],\n                                 ],\n                                 [\n                                     QuestionsPageLocators.question_time_calculation,\n                                     QuestionsPageLocators.answer_time_calculation,\n                                     answers[2],\n                                 ],\n                                 [\n                                     QuestionsPageLocators.question_order_for_today,\n                                     QuestionsPageLocators.answer_order_for_today,\n                                     answers[3],\n                                 ],\n                                 [\n                                     QuestionsPageLocators.question_prolongation_and_return,\n                                     QuestionsPageLocators.answer_prolongation_and_return,\n                                     answers[4],\n                                 ],\n                                 [\n                                     QuestionsPageLocators.question_charging_adapter,\n                                     QuestionsPageLocators.answer_charging_adapter,\n                                     answers[5],\n                                 ],\n                                 [\n                                     QuestionsPageLocators.question_cancellation,\n                                     QuestionsPageLocators.answer_cancellation,\n                                     answers[6],\n                                 ],\n                                 [\n                                     QuestionsPageLocators.question_delivery_to_suburbs,\n                                     QuestionsPageLocators.answer_delivery_to_suburbs,\n                                     answers[7],\n                                 ],\n                             ],\n                             )\n    def test_check_answers(self, driver, q, a, answers):\n        questions_page = MainPage(driver)\n        questions_page.open_base_url()\n        questions_page.open_important_questions_section()\n        questions_page.click_cookie_consent()\n>       questions_page.click_dropdown_menu_button(q)\n\ntests/test_questions.py:70: \n_ _ _ _ _ _ _ _ _ _ _ _ _ _ _ _ _ _ _ _ _ _ _ _ _ _ _ _ _ _ _ _ _ _ _ _ _ _ _ _ _ _ _ _ _ _ _ _ _ _ _ _ _ _ _ _ _ _ _ _ _ _ _ _ _ _ _ _ _ _ _ _ _ _ _ _ _ _ _ _ _ _ _ _ _ _ _ _ _ _ _ _ _\npage_objects/main_page.py:13: in click_dropdown_menu_button\n    return self.click_page(*locator)\npage_objects/base_page.py:27: in click_page\n    self.driver.find_element(*locator).click()\n.venv/lib/python3.12/site-packages/selenium/webdriver/remote/webelement.py:94: in click\n    self._execute(Command.CLICK_ELEMENT)\n.venv/lib/python3.12/site-packages/selenium/webdriver/remote/webelement.py:395: in _execute\n    return self._parent.execute(command, params)\n.venv/lib/python3.12/site-packages/selenium/webdriver/remote/webdriver.py:347: in execute\n    self.error_handler.check_response(response)\n_ _ _ _ _ _ _ _ _ _ _ _ _ _ _ _ _ _ _ _ _ _ _ _ _ _ _ _ _ _ _ _ _ _ _ _ _ _ _ _ _ _ _ _ _ _ _ _ _ _ _ _ _ _ _ _ _ _ _ _ _ _ _ _ _ _ _ _ _ _ _ _ _ _ _ _ _ _ _ _ _ _ _ _ _ _ _ _ _ _ _ _ _\n\nself = <selenium.webdriver.remote.errorhandler.ErrorHandler object at 0x1021d4da0>\nresponse = {'status': 400, 'value': '{\"value\":{\"error\":\"element click intercepted\",\"message\":\"Element <div id=\\\\\"accordion__headi...sys.mjs:204:29\\\\nreceiveMessage@chrome://remote/content/marionette/actors/MarionetteCommandsChild.sys.mjs:84:31\\\\n\"}}'}\n\n    def check_response(self, response: Dict[str, Any]) -> None:\n        \"\"\"Checks that a JSON response from the WebDriver does not have an\n        error.\n    \n        :Args:\n         - response - The JSON response from the WebDriver server as a dictionary\n           object.\n    \n        :Raises: If the response contains an error message.\n        \"\"\"\n        status = response.get(\"status\", None)\n        if not status or status == ErrorCode.SUCCESS:\n            return\n        value = None\n        message = response.get(\"message\", \"\")\n        screen: str = response.get(\"screen\", \"\")\n        stacktrace = None\n        if isinstance(status, int):\n            value_json = response.get(\"value\", None)\n            if value_json and isinstance(value_json, str):\n                import json\n    \n                try:\n                    value = json.loads(value_json)\n                    if len(value) == 1:\n                        value = value[\"value\"]\n                    status = value.get(\"error\", None)\n                    if not status:\n                        status = value.get(\"status\", ErrorCode.UNKNOWN_ERROR)\n                        message = value.get(\"value\") or value.get(\"message\")\n                        if not isinstance(message, str):\n                            value = message\n                            message = message.get(\"message\")\n                    else:\n                        message = value.get(\"message\", None)\n                except ValueError:\n                    pass\n    \n        exception_class: Type[WebDriverException]\n        e = ErrorCode()\n        error_codes = [item for item in dir(e) if not item.startswith(\"__\")]\n        for error_code in error_codes:\n            error_info = getattr(ErrorCode, error_code)\n            if isinstance(error_info, list) and status in error_info:\n                exception_class = getattr(ExceptionMapping, error_code, WebDriverException)\n                break\n        else:\n            exception_class = WebDriverException\n    \n        if not value:\n            value = response[\"value\"]\n        if isinstance(value, str):\n            raise exception_class(value)\n        if message == \"\" and \"message\" in value:\n            message = value[\"message\"]\n    \n        screen = None  # type: ignore[assignment]\n        if \"screen\" in value:\n            screen = value[\"screen\"]\n    \n        stacktrace = None\n        st_value = value.get(\"stackTrace\") or value.get(\"stacktrace\")\n        if st_value:\n            if isinstance(st_value, str):\n                stacktrace = st_value.split(\"\\n\")\n            else:\n                stacktrace = []\n                try:\n                    for frame in st_value:\n                        line = frame.get(\"lineNumber\", \"\")\n                        file = frame.get(\"fileName\", \"<anonymous>\")\n                        if line:\n                            file = f\"{file}:{line}\"\n                        meth = frame.get(\"methodName\", \"<anonymous>\")\n                        if \"className\" in frame:\n                            meth = f\"{frame['className']}.{meth}\"\n                        msg = \"    at %s (%s)\"\n                        msg = msg % (meth, file)\n                        stacktrace.append(msg)\n                except TypeError:\n                    pass\n        if exception_class == UnexpectedAlertPresentException:\n            alert_text = None\n            if \"data\" in value:\n                alert_text = value[\"data\"].get(\"text\")\n            elif \"alert\" in value:\n                alert_text = value[\"alert\"].get(\"text\")\n            raise exception_class(message, screen, stacktrace, alert_text)  # type: ignore[call-arg]  # mypy is not smart enough here\n>       raise exception_class(message, screen, stacktrace)\nE       selenium.common.exceptions.ElementClickInterceptedException: Message: Element <div id=\"accordion__heading-0\" class=\"accordion__button\"> is not clickable at point (966,202) because another element <img src=\"/assets/scooter.png\"> obscures it\nE       Stacktrace:\nE       RemoteError@chrome://remote/content/shared/RemoteError.sys.mjs:8:8\nE       WebDriverError@chrome://remote/content/shared/webdriver/Errors.sys.mjs:193:5\nE       ElementClickInterceptedError@chrome://remote/content/shared/webdriver/Errors.sys.mjs:337:5\nE       webdriverClickElement@chrome://remote/content/marionette/interaction.sys.mjs:176:11\nE       interaction.clickElement@chrome://remote/content/marionette/interaction.sys.mjs:135:11\nE       clickElement@chrome://remote/content/marionette/actors/MarionetteCommandsChild.sys.mjs:204:29\nE       receiveMessage@chrome://remote/content/marionette/actors/MarionetteCommandsChild.sys.mjs:84:31\n\n.venv/lib/python3.12/site-packages/selenium/webdriver/remote/errorhandler.py:229: ElementClickInterceptedException"}, "steps": [{"name": "Проверка, что когда нажимаешь на стрелочку, открывается ожидаемый текст ответа", "status": "broken", "statusDetails": {"message": "selenium.common.exceptions.ElementClickInterceptedException: Message: Element <div id=\"accordion__heading-0\" class=\"accordion__button\"> is not clickable at point (966,202) because another element <img src=\"/assets/scooter.png\"> obscures it\nStacktrace:\nRemoteError@chrome://remote/content/shared/RemoteError.sys.mjs:8:8\nWebDriverError@chrome://remote/content/shared/webdriver/Errors.sys.mjs:193:5\nElementClickInterceptedError@chrome://remote/content/shared/webdriver/Errors.sys.mjs:337:5\nwebdriverClickElement@chrome://remote/content/marionette/interaction.sys.mjs:176:11\ninteraction.clickElement@chrome://remote/content/marionette/interaction.sys.mjs:135:11\nclickElement@chrome://remote/content/marionette/actors/MarionetteCommandsChild.sys.mjs:204:29\nreceiveMessage@chrome://remote/content/marionette/actors/MarionetteCommandsChild.sys.mjs:84:31\n\n", "trace": "  File \"/Users/bobandmermaid/PycharmProjects/Sprint_6/.venv/lib/python3.12/site-packages/allure_commons/_allure.py\", line 192, in impl\n    return func(*a, **kw)\n           ^^^^^^^^^^^^^^\n  File \"/Users/bobandmermaid/PycharmProjects/Sprint_6/tests/test_questions.py\", line 70, in test_check_answers\n    questions_page.click_dropdown_menu_button(q)\n  File \"/Users/bobandmermaid/PycharmProjects/Sprint_6/.venv/lib/python3.12/site-packages/allure_commons/_allure.py\", line 192, in impl\n    return func(*a, **kw)\n           ^^^^^^^^^^^^^^\n  File \"/Users/bobandmermaid/PycharmProjects/Sprint_6/page_objects/main_page.py\", line 13, in click_dropdown_menu_button\n    return self.click_page(*locator)\n           ^^^^^^^^^^^^^^^^^^^^^^^^^\n  File \"/Users/bobandmermaid/PycharmProjects/Sprint_6/.venv/lib/python3.12/site-packages/allure_commons/_allure.py\", line 192, in impl\n    return func(*a, **kw)\n           ^^^^^^^^^^^^^^\n  File \"/Users/bobandmermaid/PycharmProjects/Sprint_6/page_objects/base_page.py\", line 27, in click_page\n    self.driver.find_element(*locator).click()\n  File \"/Users/bobandmermaid/PycharmProjects/Sprint_6/.venv/lib/python3.12/site-packages/selenium/webdriver/remote/webelement.py\", line 94, in click\n    self._execute(Command.CLICK_ELEMENT)\n  File \"/Users/bobandmermaid/PycharmProjects/Sprint_6/.venv/lib/python3.12/site-packages/selenium/webdriver/remote/webelement.py\", line 395, in _execute\n    return self._parent.execute(command, params)\n           ^^^^^^^^^^^^^^^^^^^^^^^^^^^^^^^^^^^^^\n  File \"/Users/bobandmermaid/PycharmProjects/Sprint_6/.venv/lib/python3.12/site-packages/selenium/webdriver/remote/webdriver.py\", line 347, in execute\n    self.error_handler.check_response(response)\n  File \"/Users/bobandmermaid/PycharmProjects/Sprint_6/.venv/lib/python3.12/site-packages/selenium/webdriver/remote/errorhandler.py\", line 229, in check_response\n    raise exception_class(message, screen, stacktrace)\n"}, "steps": [{"name": "Открыть главную страницу", "status": "passed", "start": 1716142956289, "stop": 1716142956993}, {"name": "Открыть блок \"Вопросы о важном\"", "status": "passed", "steps": [{"name": "Найти страницу или элемент", "status": "passed", "parameters": [{"name": "locator", "value": "('xpath', './/div[text() = \"Вопросы о важном\"]')"}], "start": 1716142956993, "stop": 1716142956999}], "start": 1716142956993, "stop": 1716142957001}, {"name": "Принять cookies", "status": "passed", "start": 1716142957001, "stop": 1716142957217}, {"name": "Нажать на стрелочку у вопроса из списка", "status": "broken", "statusDetails": {"message": "selenium.common.exceptions.ElementClickInterceptedException: Message: Element <div id=\"accordion__heading-0\" class=\"accordion__button\"> is not clickable at point (966,202) because another element <img src=\"/assets/scooter.png\"> obscures it\nStacktrace:\nRemoteError@chrome://remote/content/shared/RemoteError.sys.mjs:8:8\nWebDriverError@chrome://remote/content/shared/webdriver/Errors.sys.mjs:193:5\nElementClickInterceptedError@chrome://remote/content/shared/webdriver/Errors.sys.mjs:337:5\nwebdriverClickElement@chrome://remote/content/marionette/interaction.sys.mjs:176:11\ninteraction.clickElement@chrome://remote/content/marionette/interaction.sys.mjs:135:11\nclickElement@chrome://remote/content/marionette/actors/MarionetteCommandsChild.sys.mjs:204:29\nreceiveMessage@chrome://remote/content/marionette/actors/MarionetteCommandsChild.sys.mjs:84:31\n\n", "trace": "  File \"/Users/bobandmermaid/PycharmProjects/Sprint_6/.venv/lib/python3.12/site-packages/allure_commons/_allure.py\", line 192, in impl\n    return func(*a, **kw)\n           ^^^^^^^^^^^^^^\n  File \"/Users/bobandmermaid/PycharmProjects/Sprint_6/page_objects/main_page.py\", line 13, in click_dropdown_menu_button\n    return self.click_page(*locator)\n           ^^^^^^^^^^^^^^^^^^^^^^^^^\n  File \"/Users/bobandmermaid/PycharmProjects/Sprint_6/.venv/lib/python3.12/site-packages/allure_commons/_allure.py\", line 192, in impl\n    return func(*a, **kw)\n           ^^^^^^^^^^^^^^\n  File \"/Users/bobandmermaid/PycharmProjects/Sprint_6/page_objects/base_page.py\", line 27, in click_page\n    self.driver.find_element(*locator).click()\n  File \"/Users/bobandmermaid/PycharmProjects/Sprint_6/.venv/lib/python3.12/site-packages/selenium/webdriver/remote/webelement.py\", line 94, in click\n    self._execute(Command.CLICK_ELEMENT)\n  File \"/Users/bobandmermaid/PycharmProjects/Sprint_6/.venv/lib/python3.12/site-packages/selenium/webdriver/remote/webelement.py\", line 395, in _execute\n    return self._parent.execute(command, params)\n           ^^^^^^^^^^^^^^^^^^^^^^^^^^^^^^^^^^^^^\n  File \"/Users/bobandmermaid/PycharmProjects/Sprint_6/.venv/lib/python3.12/site-packages/selenium/webdriver/remote/webdriver.py\", line 347, in execute\n    self.error_handler.check_response(response)\n  File \"/Users/bobandmermaid/PycharmProjects/Sprint_6/.venv/lib/python3.12/site-packages/selenium/webdriver/remote/errorhandler.py\", line 229, in check_response\n    raise exception_class(message, screen, stacktrace)\n"}, "steps": [{"name": "Нажать на страницу или элемент", "status": "broken", "statusDetails": {"message": "selenium.common.exceptions.ElementClickInterceptedException: Message: Element <div id=\"accordion__heading-0\" class=\"accordion__button\"> is not clickable at point (966,202) because another element <img src=\"/assets/scooter.png\"> obscures it\nStacktrace:\nRemoteError@chrome://remote/content/shared/RemoteError.sys.mjs:8:8\nWebDriverError@chrome://remote/content/shared/webdriver/Errors.sys.mjs:193:5\nElementClickInterceptedError@chrome://remote/content/shared/webdriver/Errors.sys.mjs:337:5\nwebdriverClickElement@chrome://remote/content/marionette/interaction.sys.mjs:176:11\ninteraction.clickElement@chrome://remote/content/marionette/interaction.sys.mjs:135:11\nclickElement@chrome://remote/content/marionette/actors/MarionetteCommandsChild.sys.mjs:204:29\nreceiveMessage@chrome://remote/content/marionette/actors/MarionetteCommandsChild.sys.mjs:84:31\n\n", "trace": "  File \"/Users/bobandmermaid/PycharmProjects/Sprint_6/.venv/lib/python3.12/site-packages/allure_commons/_allure.py\", line 192, in impl\n    return func(*a, **kw)\n           ^^^^^^^^^^^^^^\n  File \"/Users/bobandmermaid/PycharmProjects/Sprint_6/page_objects/base_page.py\", line 27, in click_page\n    self.driver.find_element(*locator).click()\n  File \"/Users/bobandmermaid/PycharmProjects/Sprint_6/.venv/lib/python3.12/site-packages/selenium/webdriver/remote/webelement.py\", line 94, in click\n    self._execute(Command.CLICK_ELEMENT)\n  File \"/Users/bobandmermaid/PycharmProjects/Sprint_6/.venv/lib/python3.12/site-packages/selenium/webdriver/remote/webelement.py\", line 395, in _execute\n    return self._parent.execute(command, params)\n           ^^^^^^^^^^^^^^^^^^^^^^^^^^^^^^^^^^^^^\n  File \"/Users/bobandmermaid/PycharmProjects/Sprint_6/.venv/lib/python3.12/site-packages/selenium/webdriver/remote/webdriver.py\", line 347, in execute\n    self.error_handler.check_response(response)\n  File \"/Users/bobandmermaid/PycharmProjects/Sprint_6/.venv/lib/python3.12/site-packages/selenium/webdriver/remote/errorhandler.py\", line 229, in check_response\n    raise exception_class(message, screen, stacktrace)\n"}, "parameters": [{"name": "locator", "value": "('xpath', './/div[text()=\"Сколько это стоит? И как оплатить?\"]')"}], "start": 1716142957218, "stop": 1716142957226}], "parameters": [{"name": "locator", "value": "(('xpath', './/div[text()=\"Сколько это стоит? И как оплатить?\"]'),)"}], "start": 1716142957218, "stop": 1716142957230}], "parameters": [{"name": "driver", "value": "<selenium.webdriver.firefox.webdriver.WebDriver (session=\"7820bb42-8377-4aad-a683-cb219633536b\")>"}, {"name": "q", "value": "('xpath', './/div[text()=\"Сколько это стоит? И как оплатить?\"]')"}, {"name": "a", "value": "('xpath', './/p[text()=\"Сутки — 400 рублей. Оплата курьеру — наличными или картой.\"]')"}, {"name": "answers", "value": "'Сутки — 400 рублей. Оплата курьеру — наличными или картой.'"}], "start": 1716142956289, "stop": 1716142957231}], "parameters": [{"name": "q", "value": "('xpath', './/div[text()=\"Сколько это стоит? И как оплатить?\"]')"}, {"name": "a", "value": "('xpath', './/p[text()=\"Сутки — 400 рублей. Оплата курьеру — наличными или картой.\"]')"}, {"name": "answers", "value": "'Сутки — 400 рублей. Оплата курьеру — наличными или картой.'"}], "start": 1716142956288, "stop": 1716142957232, "uuid": "c5ed22d1-5bda-4529-bfdc-c1c0bf7138f9", "historyId": "7ca87f450f8a75b2d71cfa51384862df", "testCaseId": "fff6ca441b5465c0cd5a67194fa45f27", "fullName": "tests.test_questions.TestQuestionsSection#test_check_answers", "labels": [{"name": "parentSuite", "value": "tests"}, {"name": "suite", "value": "test_questions"}, {"name": "subSuite", "value": "TestQuestionsSection"}, {"name": "host", "value": "192.168.1.9"}, {"name": "thread", "value": "1344-MainThread"}, {"name": "framework", "value": "pytest"}, {"name": "language", "value": "cpython3"}, {"name": "package", "value": "tests.test_questions"}]}